[\\DESKTOP-AA5B33E]
00000001	0.00000000	System	AO_STATE: DevType=2 capture=0 0->1
00000002	0.00000800	System	AO_STATE: DevType=2 capture=0 1->2
00000003	3.70147514	System	AO_STATE: DevType=3 capture=1 0->1
00000004	3.70148730	System	AO_STATE: DevType=3 capture=1 1->2
00000005	3.70581436	System	AO_STATE: DevType=3 capture=1 2->3
00000006	3.70581841	System	AO_PIPE[A]: RegisterFormat MIC rate=48000 bps=16 ch=2 align=4 float=0 SameRate=1 PipeRate=48000 PipeCh=8
00000007	3.70582080	System	[AoTransport] timer armed
00000008	3.70582318	System	[AoTransport] OnRun rt=FFFFCB0365609CC0 cap=1 spk=0 cable=1 rate=48000 fpe=960
00000009	8.07803726	System	AO_STATE: DevType=4 capture=0 0->1
00000010	8.07804585	System	AO_STATE: DevType=4 capture=0 1->2
00000011	12.70142841	System	AO_STATE: DevType=5 capture=1 0->1
00000012	12.70143604	System	AO_STATE: DevType=5 capture=1 1->2
00000013	12.70544720	System	AO_STATE: DevType=5 capture=1 2->3
00000014	12.70545101	System	AO_PIPE[B]: RegisterFormat MIC rate=48000 bps=16 ch=2 align=4 float=0 SameRate=1 PipeRate=48000 PipeCh=8
00000015	12.70545483	System	[AoTransport] timer armed
00000016	12.70545578	System	[AoTransport] OnRun rt=FFFFCB03603CFC20 cap=1 spk=0 cable=1 rate=48000 fpe=960
00000001	24.00016975	3940	CapMFX(0x9F5061C8) initialized as mode: {FC1CFC9B-B9D6-4CFA-B5E0-4BB2166878B2}, for discovery 1
00000002	24.02533913	3940	CapEFX(0x9F5061C8) initialized as mode: {C18E2F7E-933D-4965-B7D1-1EEF228D2AF3}, for discovery 0
00000003	24.03272247	3940	CapMFX(0x9F5061C8) initialized as mode: {FC1CFC9B-B9D6-4CFA-B5E0-4BB2166878B2}, for discovery 0
00000004	24.04514503	3940	CapMFX(0x9F5061C8) initialized as mode: {C18E2F7E-933D-4965-B7D1-1EEF228D2AF3}, for discovery 0
00000017	27.82333183	System	PAN: 6, Rx:4, Tx: 2
00000018	28.82373428	System	PAN: 6, Rx:5, Tx: 1
00000019	29.17432022	System	AO_STATE: DevType=2 capture=0 2->3
00000020	29.17432404	System	AO_PIPE[A]: RegisterFormat SPK rate=48000 bps=16 ch=2 align=4 float=0 SameRate=1 PipeRate=48000 PipeCh=8
00000021	29.17432594	System	[AoTransport] OnRun rt=FFFFCB0367029E80 cap=0 spk=1 cable=1 rate=48000 fpe=960
00000022	29.17545319	System	AO_PIPE[A] WR: Fill=48/192000 Drop=0 Underrun=1222464 Start=1 ReqF=48 DoneF=48 RdF=1222464 SpkAct=1 MicAct=1
00000023	30.17547607	System	AO_PIPE[A] WR: Fill=96/192000 Drop=0 Underrun=1222512 Start=1 ReqF=48 DoneF=48 RdF=48000 SpkAct=1 MicAct=1
00000024	31.17632675	System	AO_PIPE[A] WR: Fill=48/192000 Drop=0 Underrun=1222512 Start=1 ReqF=48 DoneF=48 RdF=48048 SpkAct=1 MicAct=1
00000025	31.82456017	System	PAN: 6, Rx:4, Tx: 2
00000026	32.17683792	System	AO_PIPE[A] WR: Fill=96/192000 Drop=0 Underrun=1222512 Start=1 ReqF=48 DoneF=48 RdF=48000 SpkAct=1 MicAct=1
00000027	33.17777634	System	AO_PIPE[A] WR: Fill=96/192000 Drop=0 Underrun=1222512 Start=1 ReqF=48 DoneF=48 RdF=48048 SpkAct=1 MicAct=1
00000028	34.17778397	System	AO_PIPE[A] WR: Fill=96/192000 Drop=0 Underrun=1222512 Start=1 ReqF=48 DoneF=48 RdF=48000 SpkAct=1 MicAct=1
00000029	34.97428894	System	AO_STATE: DevType=4 capture=0 2->3
00000030	34.97429276	System	AO_PIPE[B]: RegisterFormat SPK rate=48000 bps=16 ch=2 align=4 float=0 SameRate=1 PipeRate=48000 PipeCh=8
00000031	34.97429276	System	[AoTransport] OnRun rt=FFFFCB0367014580 cap=0 spk=1 cable=1 rate=48000 fpe=960
00000032	34.97563553	System	AO_PIPE[B] WR: Fill=48/192000 Drop=0 Underrun=1068912 Start=1 ReqF=48 DoneF=48 RdF=1068912 SpkAct=1 MicAct=1
00000033	35.17861176	System	AO_PIPE[A] WR: Fill=96/192000 Drop=0 Underrun=1222512 Start=1 ReqF=48 DoneF=48 RdF=48048 SpkAct=1 MicAct=1
00000034	35.97636795	System	AO_PIPE[B] WR: Fill=96/192000 Drop=0 Underrun=1068960 Start=1 ReqF=48 DoneF=48 RdF=48048 SpkAct=1 MicAct=1
00000035	36.17947769	System	AO_PIPE[A] WR: Fill=96/192000 Drop=0 Underrun=1222512 Start=1 ReqF=48 DoneF=48 RdF=48048 SpkAct=1 MicAct=1
00000036	36.97734833	System	AO_PIPE[B] WR: Fill=96/192000 Drop=0 Underrun=1068960 Start=1 ReqF=48 DoneF=48 RdF=48048 SpkAct=1 MicAct=1
00000037	37.18012238	System	AO_PIPE[A] WR: Fill=48/192000 Drop=0 Underrun=1222512 Start=1 ReqF=48 DoneF=48 RdF=48048 SpkAct=1 MicAct=1
00000038	37.97826767	System	AO_PIPE[B] WR: Fill=48/192000 Drop=0 Underrun=1068960 Start=1 ReqF=48 DoneF=48 RdF=48048 SpkAct=1 MicAct=1
00000039	38.18111420	System	AO_PIPE[A] WR: Fill=48/192000 Drop=0 Underrun=1222512 Start=1 ReqF=48 DoneF=48 RdF=48048 SpkAct=1 MicAct=1
00000040	38.39477921	System	AO_STATE: DevType=4 capture=0 3->2
00000041	38.39477921	System	[AoTransport] OnPause rt=FFFFCB0367014580
00000042	39.18140411	System	AO_PIPE[A] WR: Fill=96/192000 Drop=0 Underrun=1222512 Start=1 ReqF=48 DoneF=48 RdF=48000 SpkAct=1 MicAct=1
00000043	40.07743073	System	AO_STATE: DevType=4 capture=0 2->3
00000044	40.07743835	System	AO_PIPE[B]: RegisterFormat SPK rate=48000 bps=16 ch=2 align=4 float=0 SameRate=1 PipeRate=48000 PipeCh=8
00000045	40.07743835	System	[AoTransport] OnRun rt=FFFFCB0367014580 cap=0 spk=1 cable=1 rate=48000 fpe=960
00000046	40.07883453	System	AO_PIPE[B] WR: Fill=48/192000 Drop=0 Underrun=1149696 Start=1 ReqF=48 DoneF=48 RdF=100800 SpkAct=1 MicAct=1
00000047	40.18144226	System	AO_PIPE[A] WR: Fill=96/192000 Drop=0 Underrun=1222512 Start=1 ReqF=48 DoneF=48 RdF=48000 SpkAct=1 MicAct=1
00000048	40.58702850	System	AO_STATE: DevType=4 capture=0 3->2
00000049	40.58703232	System	[AoTransport] OnPause rt=FFFFCB0367014580
00000050	41.18207169	System	AO_PIPE[A] WR: Fill=48/192000 Drop=0 Underrun=1222512 Start=1 ReqF=48 DoneF=48 RdF=48048 SpkAct=1 MicAct=1
00000051	42.18252945	System	AO_PIPE[A] WR: Fill=96/192000 Drop=0 Underrun=1222512 Start=1 ReqF=48 DoneF=48 RdF=48000 SpkAct=1 MicAct=1
00000052	43.18273926	System	AO_PIPE[A] WR: Fill=96/192000 Drop=0 Underrun=1222512 Start=1 ReqF=48 DoneF=48 RdF=48000 SpkAct=1 MicAct=1
00000053	43.48112869	System	AO_STATE: DevType=4 capture=0 2->3
00000054	43.48113632	System	AO_PIPE[B]: RegisterFormat SPK rate=48000 bps=16 ch=2 align=4 float=0 SameRate=1 PipeRate=48000 PipeCh=8
00000055	43.48113632	System	[AoTransport] OnRun rt=FFFFCB0367014580 cap=0 spk=1 cable=1 rate=48000 fpe=960
00000056	43.48244476	System	AO_PIPE[B] WR: Fill=48/192000 Drop=0 Underrun=1288560 Start=1 ReqF=48 DoneF=48 RdF=163344 SpkAct=1 MicAct=1
00000057	44.18276978	System	AO_PIPE[A] WR: Fill=96/192000 Drop=0 Underrun=1222512 Start=1 ReqF=48 DoneF=48 RdF=48000 SpkAct=1 MicAct=1
00000058	44.48332977	System	AO_PIPE[B] WR: Fill=96/192000 Drop=0 Underrun=1288608 Start=1 ReqF=48 DoneF=48 RdF=48048 SpkAct=1 MicAct=1
00000059	45.18280411	System	AO_PIPE[A] WR: Fill=96/192000 Drop=0 Underrun=1222512 Start=1 ReqF=48 DoneF=48 RdF=48000 SpkAct=1 MicAct=1
00000060	45.48394775	System	AO_PIPE[B] WR: Fill=96/192000 Drop=0 Underrun=1288608 Start=1 ReqF=96 DoneF=96 RdF=48048 SpkAct=1 MicAct=1
00000061	46.18382645	System	AO_PIPE[A] WR: Fill=96/192000 Drop=0 Underrun=1222512 Start=1 ReqF=48 DoneF=48 RdF=48048 SpkAct=1 MicAct=1
00000062	46.48460007	System	AO_PIPE[B] WR: Fill=48/192000 Drop=0 Underrun=1288608 Start=1 ReqF=48 DoneF=48 RdF=48048 SpkAct=1 MicAct=1
00000063	46.52129745	System	AO_STATE: DevType=4 capture=0 3->2
00000064	46.52130508	System	[AoTransport] OnPause rt=FFFFCB0367014580
00000065	47.18417740	System	AO_PIPE[A] WR: Fill=48/192000 Drop=0 Underrun=1222512 Start=1 ReqF=48 DoneF=48 RdF=48048 SpkAct=1 MicAct=1
00000066	48.18454742	System	AO_PIPE[A] WR: Fill=96/192000 Drop=0 Underrun=1222512 Start=1 ReqF=48 DoneF=48 RdF=48000 SpkAct=1 MicAct=1
00000067	49.18527603	System	AO_PIPE[A] WR: Fill=48/192000 Drop=0 Underrun=1222512 Start=1 ReqF=48 DoneF=48 RdF=48048 SpkAct=1 MicAct=1
00000068	50.18567276	System	AO_PIPE[A] WR: Fill=96/192000 Drop=0 Underrun=1222512 Start=1 ReqF=48 DoneF=48 RdF=48000 SpkAct=1 MicAct=1
00000069	51.18611908	System	AO_PIPE[A] WR: Fill=48/192000 Drop=0 Underrun=1222512 Start=1 ReqF=48 DoneF=48 RdF=48048 SpkAct=1 MicAct=1
00000070	51.18921280	System	AO_STATE: DevType=4 capture=0 2->3
00000071	51.18921661	System	AO_PIPE[B]: RegisterFormat SPK rate=48000 bps=16 ch=2 align=4 float=0 SameRate=1 PipeRate=48000 PipeCh=8
00000072	51.18922043	System	[AoTransport] OnRun rt=FFFFCB0367014580 cap=0 spk=1 cable=1 rate=48000 fpe=960
00000073	51.19029236	System	AO_PIPE[B] WR: Fill=48/192000 Drop=0 Underrun=1512672 Start=1 ReqF=48 DoneF=48 RdF=225888 SpkAct=1 MicAct=1
00000074	52.18634415	System	AO_PIPE[A] WR: Fill=96/192000 Drop=0 Underrun=1222512 Start=1 ReqF=96 DoneF=96 RdF=48000 SpkAct=1 MicAct=1
00000075	52.19053268	System	AO_PIPE[B] WR: Fill=48/192000 Drop=0 Underrun=1512672 Start=1 ReqF=48 DoneF=48 RdF=48000 SpkAct=1 MicAct=1
00000076	53.18711090	System	AO_PIPE[A] WR: Fill=48/192000 Drop=0 Underrun=1222512 Start=1 ReqF=48 DoneF=48 RdF=48048 SpkAct=1 MicAct=1
00000077	53.19128799	System	AO_PIPE[B] WR: Fill=48/192000 Drop=0 Underrun=1512672 Start=1 ReqF=48 DoneF=48 RdF=48048 SpkAct=1 MicAct=1
00000078	54.18764114	System	AO_PIPE[A] WR: Fill=96/192000 Drop=0 Underrun=1222512 Start=1 ReqF=48 DoneF=48 RdF=48000 SpkAct=1 MicAct=1
00000079	54.19180298	System	AO_PIPE[B] WR: Fill=96/192000 Drop=0 Underrun=1512672 Start=1 ReqF=96 DoneF=96 RdF=48000 SpkAct=1 MicAct=1
00000080	55.18811417	System	AO_PIPE[A] WR: Fill=48/192000 Drop=0 Underrun=1222512 Start=1 ReqF=48 DoneF=48 RdF=48048 SpkAct=1 MicAct=1
00000081	55.19227600	System	AO_PIPE[B] WR: Fill=48/192000 Drop=0 Underrun=1512672 Start=1 ReqF=48 DoneF=48 RdF=48048 SpkAct=1 MicAct=1
00000082	55.84963989	System	AO_STATE: DevType=4 capture=0 3->2
00000083	55.84963989	System	[AoTransport] OnPause rt=FFFFCB0367014580
00000084	56.18843460	System	AO_PIPE[A] WR: Fill=96/192000 Drop=0 Underrun=1222512 Start=1 ReqF=48 DoneF=48 RdF=48000 SpkAct=1 MicAct=1
00000085	57.18855667	System	AO_PIPE[A] WR: Fill=96/192000 Drop=0 Underrun=1222512 Start=1 ReqF=48 DoneF=48 RdF=48000 SpkAct=1 MicAct=1
00000086	58.18874359	System	AO_PIPE[A] WR: Fill=96/192000 Drop=0 Underrun=1222512 Start=1 ReqF=48 DoneF=48 RdF=48000 SpkAct=1 MicAct=1
00000087	58.83876419	System	AO_STATE: DevType=4 capture=0 2->3
00000088	58.83876419	System	AO_PIPE[B]: RegisterFormat SPK rate=48000 bps=16 ch=2 align=4 float=0 SameRate=1 PipeRate=48000 PipeCh=8
00000089	58.83877182	System	[AoTransport] OnRun rt=FFFFCB0367014580 cap=0 spk=1 cable=1 rate=48000 fpe=960
00000090	58.83987045	System	AO_PIPE[B] WR: Fill=96/192000 Drop=0 Underrun=1656144 Start=1 ReqF=96 DoneF=96 RdF=175056 SpkAct=1 MicAct=1
00000091	59.18915176	System	AO_PIPE[A] WR: Fill=48/192000 Drop=0 Underrun=1222512 Start=1 ReqF=48 DoneF=48 RdF=48048 SpkAct=1 MicAct=1
00000092	59.84025574	System	AO_PIPE[B] WR: Fill=48/192000 Drop=0 Underrun=1656144 Start=1 ReqF=48 DoneF=48 RdF=48048 SpkAct=1 MicAct=1
00000093	60.18924332	System	AO_PIPE[A] WR: Fill=48/192000 Drop=0 Underrun=1222512 Start=1 ReqF=48 DoneF=48 RdF=48000 SpkAct=1 MicAct=1
00000094	60.84123611	System	AO_PIPE[B] WR: Fill=96/192000 Drop=0 Underrun=1656192 Start=1 ReqF=48 DoneF=48 RdF=48048 SpkAct=1 MicAct=1
00000095	61.18972015	System	AO_PIPE[A] WR: Fill=96/192000 Drop=0 Underrun=1222512 Start=1 ReqF=48 DoneF=48 RdF=48000 SpkAct=1 MicAct=1
00000096	61.84181213	System	AO_PIPE[B] WR: Fill=96/192000 Drop=0 Underrun=1656192 Start=1 ReqF=48 DoneF=48 RdF=48000 SpkAct=1 MicAct=1
00000097	62.18984222	System	AO_PIPE[A] WR: Fill=96/192000 Drop=0 Underrun=1222512 Start=1 ReqF=48 DoneF=48 RdF=48000 SpkAct=1 MicAct=1
00000098	62.84270859	System	AO_PIPE[B] WR: Fill=96/192000 Drop=0 Underrun=1656192 Start=1 ReqF=48 DoneF=48 RdF=48048 SpkAct=1 MicAct=1
00000099	63.19066238	System	AO_PIPE[A] WR: Fill=96/192000 Drop=0 Underrun=1222512 Start=1 ReqF=48 DoneF=48 RdF=48048 SpkAct=1 MicAct=1
00000100	63.84322739	System	AO_PIPE[B] WR: Fill=96/192000 Drop=0 Underrun=1656192 Start=1 ReqF=48 DoneF=48 RdF=48048 SpkAct=1 MicAct=1
00000101	64.19161224	System	AO_PIPE[A] WR: Fill=96/192000 Drop=0 Underrun=1222512 Start=1 ReqF=48 DoneF=48 RdF=48048 SpkAct=1 MicAct=1
00000102	64.38534546	System	AO_STATE: DevType=2 capture=0 3->2
00000103	64.38535309	System	[AoTransport] OnPause rt=FFFFCB0367029E80
00000104	64.84432983	System	AO_PIPE[B] WR: Fill=96/192000 Drop=0 Underrun=1656192 Start=1 ReqF=48 DoneF=48 RdF=48048 SpkAct=1 MicAct=1
00000105	65.29856873	System	AO_STATE: DevType=4 capture=0 3->2
00000106	65.29856873	System	[AoTransport] OnPause rt=FFFFCB0367014580
00000107	71.83081055	System	AO_STATE: DevType=4 capture=0 2->3
00000108	71.83081055	System	AO_PIPE[B]: RegisterFormat SPK rate=48000 bps=16 ch=2 align=4 float=0 SameRate=1 PipeRate=48000 PipeCh=8
00000109	71.83081818	System	[AoTransport] OnRun rt=FFFFCB0367014580 cap=0 spk=1 cable=1 rate=48000 fpe=960
00000110	71.83206940	System	AO_PIPE[B] WR: Fill=96/192000 Drop=0 Underrun=1969680 Start=1 ReqF=96 DoneF=96 RdF=335376 SpkAct=1 MicAct=1
00000111	72.25016022	System	AO_STATE: DevType=4 capture=0 3->2
00000112	72.25016022	System	[AoTransport] OnPause rt=FFFFCB0367014580
00000113	79.31695557	System	AO_STATE: DevType=2 capture=0 2->3
00000114	79.31696320	System	AO_PIPE[A]: RegisterFormat SPK rate=48000 bps=16 ch=2 align=4 float=0 SameRate=1 PipeRate=48000 PipeCh=8
00000115	79.31696320	System	[AoTransport] OnRun rt=FFFFCB0367029E80 cap=0 spk=1 cable=1 rate=48000 fpe=960
00000116	79.31838226	System	AO_PIPE[A] WR: Fill=48/192000 Drop=0 Underrun=1939200 Start=1 ReqF=48 DoneF=48 RdF=726096 SpkAct=1 MicAct=1
00000117	80.31877136	System	AO_PIPE[A] WR: Fill=96/192000 Drop=0 Underrun=1939296 Start=1 ReqF=48 DoneF=48 RdF=48048 SpkAct=1 MicAct=1
00000118	81.31915283	System	AO_PIPE[A] WR: Fill=144/192000 Drop=0 Underrun=1939296 Start=1 ReqF=48 DoneF=48 RdF=48000 SpkAct=1 MicAct=1
00000119	82.31958771	System	AO_PIPE[A] WR: Fill=144/192000 Drop=0 Underrun=1939296 Start=1 ReqF=48 DoneF=48 RdF=48000 SpkAct=1 MicAct=1
00000120	83.32091522	System	AO_PIPE[A] WR: Fill=192/192000 Drop=0 Underrun=1939296 Start=1 ReqF=96 DoneF=96 RdF=48048 SpkAct=1 MicAct=1
00000121	84.32112885	System	AO_PIPE[A] WR: Fill=144/192000 Drop=0 Underrun=1939296 Start=1 ReqF=48 DoneF=48 RdF=48048 SpkAct=1 MicAct=1
00000122	85.32161713	System	AO_PIPE[A] WR: Fill=96/192000 Drop=0 Underrun=1939296 Start=1 ReqF=48 DoneF=48 RdF=48048 SpkAct=1 MicAct=1
00000123	86.32170105	System	AO_PIPE[A] WR: Fill=144/192000 Drop=0 Underrun=1939296 Start=1 ReqF=48 DoneF=48 RdF=47952 SpkAct=1 MicAct=1
00000124	87.32212067	System	AO_PIPE[A] WR: Fill=144/192000 Drop=0 Underrun=1939296 Start=1 ReqF=48 DoneF=48 RdF=48048 SpkAct=1 MicAct=1
00000125	88.32315063	System	AO_PIPE[A] WR: Fill=144/192000 Drop=0 Underrun=1939296 Start=1 ReqF=48 DoneF=48 RdF=48048 SpkAct=1 MicAct=1
00000126	89.32371521	System	AO_PIPE[A] WR: Fill=144/192000 Drop=0 Underrun=1939296 Start=1 ReqF=48 DoneF=48 RdF=48000 SpkAct=1 MicAct=1
00000127	90.32387543	System	AO_PIPE[A] WR: Fill=96/192000 Drop=0 Underrun=1939296 Start=1 ReqF=48 DoneF=48 RdF=48048 SpkAct=1 MicAct=1
00000128	91.32392883	System	AO_PIPE[A] WR: Fill=144/192000 Drop=0 Underrun=1939296 Start=1 ReqF=96 DoneF=96 RdF=48000 SpkAct=1 MicAct=1
00000129	92.32430267	System	AO_PIPE[A] WR: Fill=144/192000 Drop=0 Underrun=1939296 Start=1 ReqF=48 DoneF=48 RdF=48000 SpkAct=1 MicAct=1
00000130	93.32453918	System	AO_PIPE[A] WR: Fill=96/192000 Drop=0 Underrun=1939296 Start=1 ReqF=48 DoneF=48 RdF=48048 SpkAct=1 MicAct=1
00000131	94.32529449	System	AO_PIPE[A] WR: Fill=192/192000 Drop=0 Underrun=1939296 Start=1 ReqF=96 DoneF=96 RdF=47952 SpkAct=1 MicAct=1
00000132	95.32595825	System	AO_PIPE[A] WR: Fill=144/192000 Drop=0 Underrun=1939296 Start=1 ReqF=48 DoneF=48 RdF=48096 SpkAct=1 MicAct=1
00000133	96.32640076	System	AO_PIPE[A] WR: Fill=96/192000 Drop=0 Underrun=1939296 Start=1 ReqF=48 DoneF=48 RdF=48048 SpkAct=1 MicAct=1
00000134	97.32652283	System	AO_PIPE[A] WR: Fill=144/192000 Drop=0 Underrun=1939296 Start=1 ReqF=48 DoneF=48 RdF=47952 SpkAct=1 MicAct=1
00000135	98.32662964	System	AO_PIPE[A] WR: Fill=144/192000 Drop=0 Underrun=1939296 Start=1 ReqF=48 DoneF=48 RdF=48000 SpkAct=1 MicAct=1
00000136	99.32762146	System	AO_PIPE[A] WR: Fill=96/192000 Drop=0 Underrun=1939296 Start=1 ReqF=48 DoneF=48 RdF=48096 SpkAct=1 MicAct=1
00000137	100.32771301	System	AO_PIPE[A] WR: Fill=96/192000 Drop=0 Underrun=1939296 Start=1 ReqF=48 DoneF=48 RdF=48000 SpkAct=1 MicAct=1
00000138	101.32795715	System	AO_PIPE[A] WR: Fill=144/192000 Drop=0 Underrun=1939296 Start=1 ReqF=48 DoneF=48 RdF=48000 SpkAct=1 MicAct=1
00000139	102.32846069	System	AO_PIPE[A] WR: Fill=144/192000 Drop=0 Underrun=1939296 Start=1 ReqF=48 DoneF=48 RdF=48000 SpkAct=1 MicAct=1
00000140	103.32870483	System	AO_PIPE[A] WR: Fill=144/192000 Drop=0 Underrun=1939296 Start=1 ReqF=48 DoneF=48 RdF=48000 SpkAct=1 MicAct=1
00000141	104.32875061	System	AO_PIPE[A] WR: Fill=144/192000 Drop=0 Underrun=1939344 Start=1 ReqF=48 DoneF=48 RdF=48048 SpkAct=1 MicAct=1
00000142	105.32958221	System	AO_PIPE[A] WR: Fill=144/192000 Drop=0 Underrun=1939344 Start=1 ReqF=48 DoneF=48 RdF=48048 SpkAct=1 MicAct=1
00000143	106.32971191	System	AO_PIPE[A] WR: Fill=144/192000 Drop=0 Underrun=1939344 Start=1 ReqF=48 DoneF=48 RdF=48000 SpkAct=1 MicAct=1
00000144	107.33029175	System	AO_PIPE[A] WR: Fill=192/192000 Drop=0 Underrun=1939344 Start=1 ReqF=48 DoneF=48 RdF=48000 SpkAct=1 MicAct=1
00000145	108.33118439	System	AO_PIPE[A] WR: Fill=192/192000 Drop=0 Underrun=1939344 Start=1 ReqF=48 DoneF=48 RdF=48048 SpkAct=1 MicAct=1
00000146	109.33161163	System	AO_PIPE[A] WR: Fill=192/192000 Drop=0 Underrun=1939344 Start=1 ReqF=48 DoneF=48 RdF=48000 SpkAct=1 MicAct=1
00000147	110.33219910	System	AO_PIPE[A] WR: Fill=192/192000 Drop=0 Underrun=1939344 Start=1 ReqF=48 DoneF=48 RdF=48048 SpkAct=1 MicAct=1
00000148	111.33225250	System	AO_PIPE[A] WR: Fill=192/192000 Drop=0 Underrun=1939344 Start=1 ReqF=48 DoneF=48 RdF=48000 SpkAct=1 MicAct=1
00000149	112.33267212	System	AO_PIPE[A] WR: Fill=192/192000 Drop=0 Underrun=1939344 Start=1 ReqF=48 DoneF=48 RdF=48000 SpkAct=1 MicAct=1
00000150	113.33342743	System	AO_PIPE[A] WR: Fill=192/192000 Drop=0 Underrun=1939344 Start=1 ReqF=48 DoneF=48 RdF=48048 SpkAct=1 MicAct=1
00000151	114.33422089	System	AO_PIPE[A] WR: Fill=192/192000 Drop=0 Underrun=1939344 Start=1 ReqF=48 DoneF=48 RdF=48048 SpkAct=1 MicAct=1
00000152	115.33502960	System	AO_PIPE[A] WR: Fill=192/192000 Drop=0 Underrun=1939344 Start=1 ReqF=48 DoneF=48 RdF=48048 SpkAct=1 MicAct=1
00000153	116.33547211	System	AO_PIPE[A] WR: Fill=192/192000 Drop=0 Underrun=1939344 Start=1 ReqF=48 DoneF=48 RdF=48000 SpkAct=1 MicAct=1
00000154	117.33643341	System	AO_PIPE[A] WR: Fill=144/192000 Drop=0 Underrun=1939344 Start=1 ReqF=48 DoneF=48 RdF=48096 SpkAct=1 MicAct=1
00000155	118.33707428	System	AO_PIPE[A] WR: Fill=192/192000 Drop=0 Underrun=1939344 Start=1 ReqF=48 DoneF=48 RdF=48000 SpkAct=1 MicAct=1
00000156	119.33720398	System	AO_PIPE[A] WR: Fill=192/192000 Drop=0 Underrun=1939344 Start=1 ReqF=96 DoneF=96 RdF=48000 SpkAct=1 MicAct=1
00000157	120.33795929	System	AO_PIPE[A] WR: Fill=192/192000 Drop=0 Underrun=1939344 Start=1 ReqF=48 DoneF=48 RdF=48048 SpkAct=1 MicAct=1
00000158	121.33863831	System	AO_PIPE[A] WR: Fill=192/192000 Drop=0 Underrun=1939344 Start=1 ReqF=48 DoneF=48 RdF=48000 SpkAct=1 MicAct=1
00000159	122.33879089	System	AO_PIPE[A] WR: Fill=144/192000 Drop=0 Underrun=1939344 Start=1 ReqF=48 DoneF=48 RdF=48048 SpkAct=1 MicAct=1
00000160	123.33954620	System	AO_PIPE[A] WR: Fill=144/192000 Drop=0 Underrun=1939344 Start=1 ReqF=48 DoneF=48 RdF=48048 SpkAct=1 MicAct=1
00000161	124.28056335	System	AO_STATE: DevType=3 capture=1 3->2
00000162	124.28056335	System	[AoTransport] OnPause rt=FFFFCB0365609CC0
00000163	124.28103638	System	AO_STATE: DevType=3 capture=1 2->1
00000164	124.28105164	System	AO_STATE: DevType=3 capture=1 1->0
00000165	124.28105164	System	[AoTransport] OnStop rt=FFFFCB0365609CC0
00000166	124.28113556	System	[AoTransport] OnStop rt=FFFFCB0365609CC0
00000167	124.28115082	System	AO_PIPE[A]: UnregisterFormat MIC bothStopped=0 Fill=144 Drop=0 Underrun=1939344
00000168	124.34005737	System	AO_PIPE[A] WR: Fill=3024/192000 Drop=0 Underrun=1939344 Start=1 ReqF=48 DoneF=48 RdF=45168 SpkAct=1 MicAct=0
00000169	125.34077454	System	AO_PIPE[A] WR: Fill=51024/192000 Drop=0 Underrun=1939344 Start=1 ReqF=48 DoneF=48 RdF=0 SpkAct=1 MicAct=0
00000170	126.34136200	System	AO_PIPE[A] WR: Fill=99072/192000 Drop=0 Underrun=1939344 Start=1 ReqF=48 DoneF=48 RdF=0 SpkAct=1 MicAct=0
00000171	127.34238434	System	AO_PIPE[A] WR: Fill=147120/192000 Drop=0 Underrun=1939344 Start=1 ReqF=48 DoneF=48 RdF=0 SpkAct=1 MicAct=0
00000172	128.31019592	System	AO_STATE: DevType=4 capture=0 2->1
00000173	128.31021118	System	AO_STATE: DevType=4 capture=0 1->0
00000174	128.31021118	System	[AoTransport] OnStop rt=FFFFCB0367014580
00000175	128.31054688	System	[AoTransport] OnStop rt=FFFFCB0367014580
00000176	128.31059265	System	AO_PIPE[B]: UnregisterFormat SPK bothStopped=0 Fill=0 Drop=0 Underrun=4660512
00000177	128.34283447	System	AO_PIPE[A] WR: Fill=192000/192000 Drop=3120 Underrun=1939344 Start=1 ReqF=48 DoneF=0 RdF=0 SpkAct=1 MicAct=0
00000178	129.34300232	System	AO_PIPE[A] WR: Fill=192000/192000 Drop=51168 Underrun=1939344 Start=1 ReqF=96 DoneF=0 RdF=0 SpkAct=1 MicAct=0
00000179	130.34373474	System	AO_PIPE[A] WR: Fill=192000/192000 Drop=99168 Underrun=1939344 Start=1 ReqF=48 DoneF=0 RdF=0 SpkAct=1 MicAct=0
00000180	131.34469604	System	AO_PIPE[A] WR: Fill=192000/192000 Drop=147216 Underrun=1939344 Start=1 ReqF=48 DoneF=0 RdF=0 SpkAct=1 MicAct=0
00000181	132.34567261	System	AO_PIPE[A] WR: Fill=192000/192000 Drop=195264 Underrun=1939344 Start=1 ReqF=48 DoneF=0 RdF=0 SpkAct=1 MicAct=0
00000182	133.23599243	System	AO_STATE: DevType=5 capture=1 3->2
00000183	133.23599243	System	[AoTransport] OnPause rt=FFFFCB03603CFC20
00000184	133.24049377	System	AO_STATE: DevType=5 capture=1 2->1
00000185	133.24049377	System	AO_STATE: DevType=5 capture=1 1->0
00000186	133.24050903	System	[AoTransport] timer cancelled (last stream stopped)
00000187	133.24050903	System	[AoTransport] OnStop rt=FFFFCB03603CFC20
00000188	133.24058533	System	[AoTransport] OnStop rt=FFFFCB03603CFC20
00000189	133.24058533	System	AO_PIPE[B]: UnregisterFormat MIC bothStopped=1 Fill=0 Drop=0 Underrun=0
00000190	133.34591675	System	AO_PIPE[A] WR: Fill=192000/192000 Drop=243312 Underrun=1939344 Start=1 ReqF=96 DoneF=0 RdF=0 SpkAct=1 MicAct=0
00000191	134.34735107	System	AO_PIPE[A] WR: Fill=192000/192000 Drop=291312 Underrun=1939344 Start=1 ReqF=48 DoneF=0 RdF=0 SpkAct=1 MicAct=0
00000192	135.34788513	System	AO_PIPE[A] WR: Fill=192000/192000 Drop=339360 Underrun=1939344 Start=1 ReqF=48 DoneF=0 RdF=0 SpkAct=1 MicAct=0
00000193	136.34864807	System	AO_PIPE[A] WR: Fill=192000/192000 Drop=387408 Underrun=1939344 Start=1 ReqF=48 DoneF=0 RdF=0 SpkAct=1 MicAct=0
00000194	137.35006714	System	AO_PIPE[A] WR: Fill=192000/192000 Drop=435504 Underrun=1939344 Start=1 ReqF=96 DoneF=0 RdF=0 SpkAct=1 MicAct=0
00000195	138.35081482	System	AO_PIPE[A] WR: Fill=192000/192000 Drop=483504 Underrun=1939344 Start=1 ReqF=48 DoneF=0 RdF=0 SpkAct=1 MicAct=0
00000196	139.35147095	System	AO_PIPE[A] WR: Fill=192000/192000 Drop=531552 Underrun=1939344 Start=1 ReqF=48 DoneF=0 RdF=0 SpkAct=1 MicAct=0
00000197	140.35195923	System	AO_PIPE[A] WR: Fill=192000/192000 Drop=579600 Underrun=1939344 Start=1 ReqF=96 DoneF=0 RdF=0 SpkAct=1 MicAct=0
00000198	141.35221863	System	AO_PIPE[A] WR: Fill=192000/192000 Drop=627600 Underrun=1939344 Start=1 ReqF=96 DoneF=0 RdF=0 SpkAct=1 MicAct=0
00000199	142.35336304	System	AO_PIPE[A] WR: Fill=192000/192000 Drop=675648 Underrun=1939344 Start=1 ReqF=96 DoneF=0 RdF=0 SpkAct=1 MicAct=0
00000200	143.35484314	System	AO_PIPE[A] WR: Fill=192000/192000 Drop=723696 Underrun=1939344 Start=1 ReqF=48 DoneF=0 RdF=0 SpkAct=1 MicAct=0
00000201	144.35485840	System	AO_PIPE[A] WR: Fill=192000/192000 Drop=771696 Underrun=1939344 Start=1 ReqF=48 DoneF=0 RdF=0 SpkAct=1 MicAct=0
00000202	145.35531616	System	AO_PIPE[A] WR: Fill=192000/192000 Drop=819744 Underrun=1939344 Start=1 ReqF=96 DoneF=0 RdF=0 SpkAct=1 MicAct=0
00000203	146.35606384	System	AO_PIPE[A] WR: Fill=192000/192000 Drop=867792 Underrun=1939344 Start=1 ReqF=48 DoneF=0 RdF=0 SpkAct=1 MicAct=0
00000204	147.35763550	System	AO_PIPE[A] WR: Fill=192000/192000 Drop=915840 Underrun=1939344 Start=1 ReqF=48 DoneF=0 RdF=0 SpkAct=1 MicAct=0
00000205	148.35774231	System	AO_PIPE[A] WR: Fill=192000/192000 Drop=963840 Underrun=1939344 Start=1 ReqF=48 DoneF=0 RdF=0 SpkAct=1 MicAct=0
00000206	149.35786438	System	AO_PIPE[A] WR: Fill=192000/192000 Drop=1011840 Underrun=1939344 Start=1 ReqF=48 DoneF=0 RdF=0 SpkAct=1 MicAct=0
00000207	150.35862732	System	AO_PIPE[A] WR: Fill=192000/192000 Drop=1059888 Underrun=1939344 Start=1 ReqF=48 DoneF=0 RdF=0 SpkAct=1 MicAct=0
00000208	151.35868835	System	AO_PIPE[A] WR: Fill=192000/192000 Drop=1107888 Underrun=1939344 Start=1 ReqF=48 DoneF=0 RdF=0 SpkAct=1 MicAct=0
00000209	152.35946655	System	AO_PIPE[A] WR: Fill=192000/192000 Drop=1155936 Underrun=1939344 Start=1 ReqF=48 DoneF=0 RdF=0 SpkAct=1 MicAct=0
